Analysis & Synthesis report for CLOCK
Sun Oct 28 16:15:42 2018
Quartus Prime Version 18.0.0 Build 614 04/24/2018 SJ Lite Edition


---------------------
; Table of Contents ;
---------------------
  1. Legal Notice
  2. Analysis & Synthesis Summary
  3. Analysis & Synthesis Settings
  4. Parallel Compilation
  5. Analysis & Synthesis Source Files Read
  6. Analysis & Synthesis Resource Usage Summary
  7. Analysis & Synthesis Resource Utilization by Entity
  8. User-Specified and Inferred Latches
  9. General Register Statistics
 10. Multiplexer Restructuring Statistics (Restructuring Performed)
 11. Post-Synthesis Netlist Statistics for Top Partition
 12. Elapsed Time Per Partition
 13. Analysis & Synthesis Messages



----------------
; Legal Notice ;
----------------
Copyright (C) 2018  Intel Corporation. All rights reserved.
Your use of Intel Corporation's design tools, logic functions 
and other software and tools, and its AMPP partner logic 
functions, and any output files from any of the foregoing 
(including device programming or simulation files), and any 
associated documentation or information are expressly subject 
to the terms and conditions of the Intel Program License 
Subscription Agreement, the Intel Quartus Prime License Agreement,
the Intel FPGA IP License Agreement, or other applicable license
agreement, including, without limitation, that your use is for
the sole purpose of programming logic devices manufactured by
Intel and sold by Intel or its authorized distributors.  Please
refer to the applicable agreement for further details.



+----------------------------------------------------------------------------------+
; Analysis & Synthesis Summary                                                     ;
+------------------------------------+---------------------------------------------+
; Analysis & Synthesis Status        ; Successful - Sun Oct 28 16:15:42 2018       ;
; Quartus Prime Version              ; 18.0.0 Build 614 04/24/2018 SJ Lite Edition ;
; Revision Name                      ; CLOCK                                       ;
; Top-level Entity Name              ; clock                                       ;
; Family                             ; Cyclone IV E                                ;
; Total logic elements               ; 230                                         ;
;     Total combinational functions  ; 230                                         ;
;     Dedicated logic registers      ; 113                                         ;
; Total registers                    ; 113                                         ;
; Total pins                         ; 24                                          ;
; Total virtual pins                 ; 0                                           ;
; Total memory bits                  ; 0                                           ;
; Embedded Multiplier 9-bit elements ; 0                                           ;
; Total PLLs                         ; 0                                           ;
+------------------------------------+---------------------------------------------+


+------------------------------------------------------------------------------------------------------------+
; Analysis & Synthesis Settings                                                                              ;
+------------------------------------------------------------------+--------------------+--------------------+
; Option                                                           ; Setting            ; Default Value      ;
+------------------------------------------------------------------+--------------------+--------------------+
; Device                                                           ; EP4CE6F17C8        ;                    ;
; Top-level entity name                                            ; CLOCK              ; CLOCK              ;
; Family name                                                      ; Cyclone IV E       ; Cyclone V          ;
; Use smart compilation                                            ; Off                ; Off                ;
; Enable parallel Assembler and Timing Analyzer during compilation ; On                 ; On                 ;
; Enable compact report table                                      ; Off                ; Off                ;
; Restructure Multiplexers                                         ; Auto               ; Auto               ;
; Create Debugging Nodes for IP Cores                              ; Off                ; Off                ;
; Preserve fewer node names                                        ; On                 ; On                 ;
; Intel FPGA IP Evaluation Mode                                    ; Enable             ; Enable             ;
; Verilog Version                                                  ; Verilog_2001       ; Verilog_2001       ;
; VHDL Version                                                     ; VHDL_1993          ; VHDL_1993          ;
; State Machine Processing                                         ; Auto               ; Auto               ;
; Safe State Machine                                               ; Off                ; Off                ;
; Extract Verilog State Machines                                   ; On                 ; On                 ;
; Extract VHDL State Machines                                      ; On                 ; On                 ;
; Ignore Verilog initial constructs                                ; Off                ; Off                ;
; Iteration limit for constant Verilog loops                       ; 5000               ; 5000               ;
; Iteration limit for non-constant Verilog loops                   ; 250                ; 250                ;
; Add Pass-Through Logic to Inferred RAMs                          ; On                 ; On                 ;
; Infer RAMs from Raw Logic                                        ; On                 ; On                 ;
; Parallel Synthesis                                               ; On                 ; On                 ;
; DSP Block Balancing                                              ; Auto               ; Auto               ;
; NOT Gate Push-Back                                               ; On                 ; On                 ;
; Power-Up Don't Care                                              ; On                 ; On                 ;
; Remove Redundant Logic Cells                                     ; Off                ; Off                ;
; Remove Duplicate Registers                                       ; On                 ; On                 ;
; Ignore CARRY Buffers                                             ; Off                ; Off                ;
; Ignore CASCADE Buffers                                           ; Off                ; Off                ;
; Ignore GLOBAL Buffers                                            ; Off                ; Off                ;
; Ignore ROW GLOBAL Buffers                                        ; Off                ; Off                ;
; Ignore LCELL Buffers                                             ; Off                ; Off                ;
; Ignore SOFT Buffers                                              ; On                 ; On                 ;
; Limit AHDL Integers to 32 Bits                                   ; Off                ; Off                ;
; Optimization Technique                                           ; Balanced           ; Balanced           ;
; Carry Chain Length                                               ; 70                 ; 70                 ;
; Auto Carry Chains                                                ; On                 ; On                 ;
; Auto Open-Drain Pins                                             ; On                 ; On                 ;
; Perform WYSIWYG Primitive Resynthesis                            ; Off                ; Off                ;
; Auto ROM Replacement                                             ; On                 ; On                 ;
; Auto RAM Replacement                                             ; On                 ; On                 ;
; Auto DSP Block Replacement                                       ; On                 ; On                 ;
; Auto Shift Register Replacement                                  ; Auto               ; Auto               ;
; Allow Shift Register Merging across Hierarchies                  ; Auto               ; Auto               ;
; Auto Clock Enable Replacement                                    ; On                 ; On                 ;
; Strict RAM Replacement                                           ; Off                ; Off                ;
; Allow Synchronous Control Signals                                ; On                 ; On                 ;
; Force Use of Synchronous Clear Signals                           ; Off                ; Off                ;
; Auto RAM Block Balancing                                         ; On                 ; On                 ;
; Auto RAM to Logic Cell Conversion                                ; Off                ; Off                ;
; Auto Resource Sharing                                            ; Off                ; Off                ;
; Allow Any RAM Size For Recognition                               ; Off                ; Off                ;
; Allow Any ROM Size For Recognition                               ; Off                ; Off                ;
; Allow Any Shift Register Size For Recognition                    ; Off                ; Off                ;
; Use LogicLock Constraints during Resource Balancing              ; On                 ; On                 ;
; Ignore translate_off and synthesis_off directives                ; Off                ; Off                ;
; Timing-Driven Synthesis                                          ; On                 ; On                 ;
; Report Parameter Settings                                        ; On                 ; On                 ;
; Report Source Assignments                                        ; On                 ; On                 ;
; Report Connectivity Checks                                       ; On                 ; On                 ;
; Ignore Maximum Fan-Out Assignments                               ; Off                ; Off                ;
; Synchronization Register Chain Length                            ; 2                  ; 2                  ;
; Power Optimization During Synthesis                              ; Normal compilation ; Normal compilation ;
; HDL message level                                                ; Level2             ; Level2             ;
; Suppress Register Optimization Related Messages                  ; Off                ; Off                ;
; Number of Removed Registers Reported in Synthesis Report         ; 5000               ; 5000               ;
; Number of Swept Nodes Reported in Synthesis Report               ; 5000               ; 5000               ;
; Number of Inverted Registers Reported in Synthesis Report        ; 100                ; 100                ;
; Clock MUX Protection                                             ; On                 ; On                 ;
; Auto Gated Clock Conversion                                      ; Off                ; Off                ;
; Block Design Naming                                              ; Auto               ; Auto               ;
; SDC constraint protection                                        ; Off                ; Off                ;
; Synthesis Effort                                                 ; Auto               ; Auto               ;
; Shift Register Replacement - Allow Asynchronous Clear Signal     ; On                 ; On                 ;
; Pre-Mapping Resynthesis Optimization                             ; Off                ; Off                ;
; Analysis & Synthesis Message Level                               ; Medium             ; Medium             ;
; Disable Register Merging Across Hierarchies                      ; Auto               ; Auto               ;
; Resource Aware Inference For Block RAM                           ; On                 ; On                 ;
+------------------------------------------------------------------+--------------------+--------------------+


+------------------------------------------+
; Parallel Compilation                     ;
+----------------------------+-------------+
; Processors                 ; Number      ;
+----------------------------+-------------+
; Number detected on machine ; 4           ;
; Maximum allowed            ; 2           ;
;                            ;             ;
; Average used               ; 1.00        ;
; Maximum used               ; 2           ;
;                            ;             ;
; Usage by Processor         ; % Time Used ;
;     Processor 1            ; 100.0%      ;
;     Processor 2            ;   0.0%      ;
+----------------------------+-------------+


+----------------------------------------------------------------------------------------------------------------------------------------+
; Analysis & Synthesis Source Files Read                                                                                                 ;
+----------------------------------+-----------------+-----------------+-------------------------------------------------------+---------+
; File Name with User-Entered Path ; Used in Netlist ; File Type       ; File Name with Absolute Path                          ; Library ;
+----------------------------------+-----------------+-----------------+-------------------------------------------------------+---------+
; CLOCK.vhd                        ; yes             ; User VHDL File  ; E:/wyj/Files/Quartus Files/clock/CLOCK.vhd            ;         ;
; HOUR_BCD_COUNT.vhd               ; yes             ; User VHDL File  ; E:/wyj/Files/Quartus Files/clock/HOUR_BCD_COUNT.vhd   ;         ;
; MINUTE_BCD_COUNT.vhd             ; yes             ; User VHDL File  ; E:/wyj/Files/Quartus Files/clock/MINUTE_BCD_COUNT.vhd ;         ;
; SECOND_BCD_COUNT.vhd             ; yes             ; User VHDL File  ; E:/wyj/Files/Quartus Files/clock/SECOND_BCD_COUNT.vhd ;         ;
; SELTIME.vhd                      ; yes             ; User VHDL File  ; E:/wyj/Files/Quartus Files/clock/SELTIME.vhd          ;         ;
; DEV.vhd                          ; yes             ; User VHDL File  ; E:/wyj/Files/Quartus Files/clock/DEV.vhd              ;         ;
; KEY_DELAY.vhd                    ; yes             ; User VHDL File  ; E:/wyj/Files/Quartus Files/clock/KEY_DELAY.vhd        ;         ;
; ALERT.vhd                        ; yes             ; User VHDL File  ; E:/wyj/Files/Quartus Files/clock/ALERT.vhd            ;         ;
+----------------------------------+-----------------+-----------------+-------------------------------------------------------+---------+


+---------------------------------------------------------+
; Analysis & Synthesis Resource Usage Summary             ;
+---------------------------------------------+-----------+
; Resource                                    ; Usage     ;
+---------------------------------------------+-----------+
; Estimated Total logic elements              ; 230       ;
;                                             ;           ;
; Total combinational functions               ; 230       ;
; Logic element usage by number of LUT inputs ;           ;
;     -- 4 input functions                    ; 104       ;
;     -- 3 input functions                    ; 40        ;
;     -- <=2 input functions                  ; 86        ;
;                                             ;           ;
; Logic elements by mode                      ;           ;
;     -- normal mode                          ; 165       ;
;     -- arithmetic mode                      ; 65        ;
;                                             ;           ;
; Total registers                             ; 113       ;
;     -- Dedicated logic registers            ; 113       ;
;     -- I/O registers                        ; 0         ;
;                                             ;           ;
; I/O pins                                    ; 24        ;
;                                             ;           ;
; Embedded Multiplier 9-bit elements          ; 0         ;
;                                             ;           ;
; Maximum fan-out node                        ; clk~input ;
; Maximum fan-out                             ; 71        ;
; Total fan-out                               ; 1074      ;
; Average fan-out                             ; 2.75      ;
+---------------------------------------------+-----------+


+----------------------------------------------------------------------------------------------------------------------------------------------------------------------------------------------------------------------+
; Analysis & Synthesis Resource Utilization by Entity                                                                                                                                                                  ;
+----------------------------+---------------------+---------------------------+-------------+--------------+---------+-----------+------+--------------+----------------------------+------------------+--------------+
; Compilation Hierarchy Node ; Combinational ALUTs ; Dedicated Logic Registers ; Memory Bits ; DSP Elements ; DSP 9x9 ; DSP 18x18 ; Pins ; Virtual Pins ; Full Hierarchy Name        ; Entity Name      ; Library Name ;
+----------------------------+---------------------+---------------------------+-------------+--------------+---------+-----------+------+--------------+----------------------------+------------------+--------------+
; |clock                     ; 230 (0)             ; 113 (0)                   ; 0           ; 0            ; 0       ; 0         ; 24   ; 0            ; |clock                     ; clock            ; work         ;
;    |alert:u8|              ; 14 (14)             ; 3 (3)                     ; 0           ; 0            ; 0       ; 0         ; 0    ; 0            ; |clock|alert:u8            ; alert            ; work         ;
;    |dev:u5|                ; 112 (112)           ; 71 (71)                   ; 0           ; 0            ; 0       ; 0         ; 0    ; 0            ; |clock|dev:u5              ; dev              ; work         ;
;    |hour_bcd_count:u3|     ; 16 (16)             ; 8 (8)                     ; 0           ; 0            ; 0       ; 0         ; 0    ; 0            ; |clock|hour_bcd_count:u3   ; hour_bcd_count   ; work         ;
;    |key_delay:u6|          ; 10 (10)             ; 5 (5)                     ; 0           ; 0            ; 0       ; 0         ; 0    ; 0            ; |clock|key_delay:u6        ; key_delay        ; work         ;
;    |key_delay:u7|          ; 10 (10)             ; 5 (5)                     ; 0           ; 0            ; 0       ; 0         ; 0    ; 0            ; |clock|key_delay:u7        ; key_delay        ; work         ;
;    |minute_bcd_count:u2|   ; 15 (15)             ; 9 (9)                     ; 0           ; 0            ; 0       ; 0         ; 0    ; 0            ; |clock|minute_bcd_count:u2 ; minute_bcd_count ; work         ;
;    |second_bcd_count:u1|   ; 16 (16)             ; 9 (9)                     ; 0           ; 0            ; 0       ; 0         ; 0    ; 0            ; |clock|second_bcd_count:u1 ; second_bcd_count ; work         ;
;    |seltime:u4|            ; 37 (37)             ; 3 (3)                     ; 0           ; 0            ; 0       ; 0         ; 0    ; 0            ; |clock|seltime:u4          ; seltime          ; work         ;
+----------------------------+---------------------+---------------------------+-------------+--------------+---------+-----------+------+--------------+----------------------------+------------------+--------------+
Note: For table entries with two numbers listed, the numbers in parentheses indicate the number of resources of the given type used by the specific entity alone. The numbers listed outside of parentheses indicate the total resources of the given type used by the specific entity and all of its sub-entities in the hierarchy.


+----------------------------------------------------------------------------------------------------+
; User-Specified and Inferred Latches                                                                ;
+----------------------------------------------------+----------------------+------------------------+
; Latch Name                                         ; Latch Enable Signal  ; Free of Timing Hazards ;
+----------------------------------------------------+----------------------+------------------------+
; seltime:u4|dat[0]                                  ; seltime:u4|LessThan0 ; yes                    ;
; seltime:u4|dat[1]                                  ; seltime:u4|LessThan0 ; yes                    ;
; seltime:u4|dat[2]                                  ; seltime:u4|LessThan0 ; yes                    ;
; seltime:u4|dat[3]                                  ; seltime:u4|LessThan0 ; yes                    ;
; Number of user-specified and inferred latches = 4  ;                      ;                        ;
+----------------------------------------------------+----------------------+------------------------+
Note: All latches listed above may not be present at the end of synthesis due to various synthesis optimizations.


+------------------------------------------------------+
; General Register Statistics                          ;
+----------------------------------------------+-------+
; Statistic                                    ; Value ;
+----------------------------------------------+-------+
; Total registers                              ; 113   ;
; Number of registers using Synchronous Clear  ; 68    ;
; Number of registers using Synchronous Load   ; 0     ;
; Number of registers using Asynchronous Clear ; 24    ;
; Number of registers using Asynchronous Load  ; 0     ;
; Number of registers using Clock Enable       ; 10    ;
; Number of registers using Preset             ; 0     ;
+----------------------------------------------+-------+


+-------------------------------------------------------------------------------------------------------------------------------------------------------+
; Multiplexer Restructuring Statistics (Restructuring Performed)                                                                                        ;
+--------------------+-----------+---------------+----------------------+------------------------+------------+-----------------------------------------+
; Multiplexer Inputs ; Bus Width ; Baseline Area ; Area if Restructured ; Saving if Restructured ; Registered ; Example Multiplexer Output              ;
+--------------------+-----------+---------------+----------------------+------------------------+------------+-----------------------------------------+
; 3:1                ; 4 bits    ; 8 LEs         ; 4 LEs                ; 4 LEs                  ; Yes        ; |clock|second_bcd_count:u1|count_ge[0]  ;
; 3:1                ; 4 bits    ; 8 LEs         ; 4 LEs                ; 4 LEs                  ; Yes        ; |clock|minute_bcd_count:u2|count_ge[3]  ;
; 3:1                ; 4 bits    ; 8 LEs         ; 4 LEs                ; 4 LEs                  ; Yes        ; |clock|hour_bcd_count:u3|count_ge[3]    ;
; 3:1                ; 4 bits    ; 8 LEs         ; 4 LEs                ; 4 LEs                  ; Yes        ; |clock|hour_bcd_count:u3|count_shi[2]   ;
; 4:1                ; 4 bits    ; 8 LEs         ; 4 LEs                ; 4 LEs                  ; Yes        ; |clock|second_bcd_count:u1|count_shi[3] ;
; 4:1                ; 4 bits    ; 8 LEs         ; 4 LEs                ; 4 LEs                  ; Yes        ; |clock|minute_bcd_count:u2|count_shi[2] ;
; 6:1                ; 4 bits    ; 16 LEs        ; 16 LEs               ; 0 LEs                  ; No         ; |clock|seltime:u4|Mux7                  ;
+--------------------+-----------+---------------+----------------------+------------------------+------------+-----------------------------------------+


+-----------------------------------------------------+
; Post-Synthesis Netlist Statistics for Top Partition ;
+-----------------------+-----------------------------+
; Type                  ; Count                       ;
+-----------------------+-----------------------------+
; boundary_port         ; 24                          ;
; cycloneiii_ff         ; 113                         ;
;     CLR               ; 16                          ;
;     ENA               ; 2                           ;
;     ENA CLR           ; 8                           ;
;     SCLR              ; 68                          ;
;     plain             ; 19                          ;
; cycloneiii_lcell_comb ; 239                         ;
;     arith             ; 65                          ;
;         2 data inputs ; 65                          ;
;     normal            ; 174                         ;
;         0 data inputs ; 1                           ;
;         1 data inputs ; 12                          ;
;         2 data inputs ; 17                          ;
;         3 data inputs ; 40                          ;
;         4 data inputs ; 104                         ;
;                       ;                             ;
; Max LUT depth         ; 7.00                        ;
; Average LUT depth     ; 3.14                        ;
+-----------------------+-----------------------------+


+-------------------------------+
; Elapsed Time Per Partition    ;
+----------------+--------------+
; Partition Name ; Elapsed Time ;
+----------------+--------------+
; Top            ; 00:00:06     ;
+----------------+--------------+


+-------------------------------+
; Analysis & Synthesis Messages ;
+-------------------------------+
Info: *******************************************************************
Info: Running Quartus Prime Analysis & Synthesis
    Info: Version 18.0.0 Build 614 04/24/2018 SJ Lite Edition
    Info: Processing started: Sun Oct 28 16:15:06 2018
Info: Command: quartus_map --read_settings_files=on --write_settings_files=off CLOCK -c CLOCK
Warning (18236): Number of processors has not been specified which may cause overloading on shared machines.  Set the global assignment NUM_PARALLEL_PROCESSORS in your QSF to an appropriate value for best performance.
Info (20030): Parallel compilation is enabled and will use 2 of the 2 processors detected
Info (12021): Found 2 design units, including 1 entities, in source file clock.vhd
    Info (12022): Found design unit 1: clock-bhv File: E:/wyj/Files/Quartus Files/clock/CLOCK.vhd Line: 20
    Info (12023): Found entity 1: clock File: E:/wyj/Files/Quartus Files/clock/CLOCK.vhd Line: 8
Info (12021): Found 2 design units, including 1 entities, in source file hour_bcd_count.vhd
    Info (12022): Found design unit 1: hour_bcd_count-bhv File: E:/wyj/Files/Quartus Files/clock/HOUR_BCD_COUNT.vhd Line: 13
    Info (12023): Found entity 1: hour_bcd_count File: E:/wyj/Files/Quartus Files/clock/HOUR_BCD_COUNT.vhd Line: 8
Info (12021): Found 2 design units, including 1 entities, in source file minute_bcd_count.vhd
    Info (12022): Found design unit 1: minute_bcd_count-bhv File: E:/wyj/Files/Quartus Files/clock/MINUTE_BCD_COUNT.vhd Line: 14
    Info (12023): Found entity 1: minute_bcd_count File: E:/wyj/Files/Quartus Files/clock/MINUTE_BCD_COUNT.vhd Line: 8
Info (12021): Found 2 design units, including 1 entities, in source file second_bcd_count.vhd
    Info (12022): Found design unit 1: second_bcd_count-bhv File: E:/wyj/Files/Quartus Files/clock/SECOND_BCD_COUNT.vhd Line: 14
    Info (12023): Found entity 1: second_bcd_count File: E:/wyj/Files/Quartus Files/clock/SECOND_BCD_COUNT.vhd Line: 8
Info (12021): Found 2 design units, including 1 entities, in source file seltime.vhd
    Info (12022): Found design unit 1: seltime-bhv File: E:/wyj/Files/Quartus Files/clock/SELTIME.vhd Line: 15
    Info (12023): Found entity 1: seltime File: E:/wyj/Files/Quartus Files/clock/SELTIME.vhd Line: 8
Info (12021): Found 2 design units, including 1 entities, in source file dev.vhd
    Info (12022): Found design unit 1: dev-bhv File: E:/wyj/Files/Quartus Files/clock/DEV.vhd Line: 13
    Info (12023): Found entity 1: dev File: E:/wyj/Files/Quartus Files/clock/DEV.vhd Line: 8
Info (12021): Found 2 design units, including 1 entities, in source file key_delay.vhd
    Info (12022): Found design unit 1: key_delay-bhv File: E:/wyj/Files/Quartus Files/clock/KEY_DELAY.vhd Line: 15
    Info (12023): Found entity 1: key_delay File: E:/wyj/Files/Quartus Files/clock/KEY_DELAY.vhd Line: 10
Info (12021): Found 2 design units, including 1 entities, in source file alert.vhd
    Info (12022): Found design unit 1: alert-bhv File: E:/wyj/Files/Quartus Files/clock/ALERT.vhd Line: 16
    Info (12023): Found entity 1: alert File: E:/wyj/Files/Quartus Files/clock/ALERT.vhd Line: 8
Info (12127): Elaborating entity "CLOCK" for the top level hierarchy
Info (12128): Elaborating entity "second_bcd_count" for hierarchy "second_bcd_count:u1" File: E:/wyj/Files/Quartus Files/clock/CLOCK.vhd Line: 76
Warning (10492): VHDL Process Statement warning at SECOND_BCD_COUNT.vhd(31): signal "count_shi" is read inside the Process Statement but isn't in the Process Statement's sensitivity list File: E:/wyj/Files/Quartus Files/clock/SECOND_BCD_COUNT.vhd Line: 31
Warning (10492): VHDL Process Statement warning at SECOND_BCD_COUNT.vhd(31): signal "count_ge" is read inside the Process Statement but isn't in the Process Statement's sensitivity list File: E:/wyj/Files/Quartus Files/clock/SECOND_BCD_COUNT.vhd Line: 31
Info (12128): Elaborating entity "minute_bcd_count" for hierarchy "minute_bcd_count:u2" File: E:/wyj/Files/Quartus Files/clock/CLOCK.vhd Line: 77
Info (12128): Elaborating entity "hour_bcd_count" for hierarchy "hour_bcd_count:u3" File: E:/wyj/Files/Quartus Files/clock/CLOCK.vhd Line: 78
Warning (10492): VHDL Process Statement warning at HOUR_BCD_COUNT.vhd(31): signal "count_shi" is read inside the Process Statement but isn't in the Process Statement's sensitivity list File: E:/wyj/Files/Quartus Files/clock/HOUR_BCD_COUNT.vhd Line: 31
Warning (10492): VHDL Process Statement warning at HOUR_BCD_COUNT.vhd(31): signal "count_ge" is read inside the Process Statement but isn't in the Process Statement's sensitivity list File: E:/wyj/Files/Quartus Files/clock/HOUR_BCD_COUNT.vhd Line: 31
Info (12128): Elaborating entity "seltime" for hierarchy "seltime:u4" File: E:/wyj/Files/Quartus Files/clock/CLOCK.vhd Line: 79
Warning (10492): VHDL Process Statement warning at SELTIME.vhd(26): signal "scan_count" is read inside the Process Statement but isn't in the Process Statement's sensitivity list File: E:/wyj/Files/Quartus Files/clock/SELTIME.vhd Line: 26
Warning (10492): VHDL Process Statement warning at SELTIME.vhd(27): signal "second" is read inside the Process Statement but isn't in the Process Statement's sensitivity list File: E:/wyj/Files/Quartus Files/clock/SELTIME.vhd Line: 27
Warning (10492): VHDL Process Statement warning at SELTIME.vhd(28): signal "second" is read inside the Process Statement but isn't in the Process Statement's sensitivity list File: E:/wyj/Files/Quartus Files/clock/SELTIME.vhd Line: 28
Warning (10492): VHDL Process Statement warning at SELTIME.vhd(29): signal "minute" is read inside the Process Statement but isn't in the Process Statement's sensitivity list File: E:/wyj/Files/Quartus Files/clock/SELTIME.vhd Line: 29
Warning (10492): VHDL Process Statement warning at SELTIME.vhd(30): signal "minute" is read inside the Process Statement but isn't in the Process Statement's sensitivity list File: E:/wyj/Files/Quartus Files/clock/SELTIME.vhd Line: 30
Warning (10492): VHDL Process Statement warning at SELTIME.vhd(31): signal "hour" is read inside the Process Statement but isn't in the Process Statement's sensitivity list File: E:/wyj/Files/Quartus Files/clock/SELTIME.vhd Line: 31
Warning (10492): VHDL Process Statement warning at SELTIME.vhd(32): signal "hour" is read inside the Process Statement but isn't in the Process Statement's sensitivity list File: E:/wyj/Files/Quartus Files/clock/SELTIME.vhd Line: 32
Warning (10631): VHDL Process Statement warning at SELTIME.vhd(20): inferring latch(es) for signal or variable "dat", which holds its previous value in one or more paths through the process File: E:/wyj/Files/Quartus Files/clock/SELTIME.vhd Line: 20
Warning (10492): VHDL Process Statement warning at SELTIME.vhd(38): signal "dat" is read inside the Process Statement but isn't in the Process Statement's sensitivity list File: E:/wyj/Files/Quartus Files/clock/SELTIME.vhd Line: 38
Info (10041): Inferred latch for "dat[0]" at SELTIME.vhd(20) File: E:/wyj/Files/Quartus Files/clock/SELTIME.vhd Line: 20
Info (10041): Inferred latch for "dat[1]" at SELTIME.vhd(20) File: E:/wyj/Files/Quartus Files/clock/SELTIME.vhd Line: 20
Info (10041): Inferred latch for "dat[2]" at SELTIME.vhd(20) File: E:/wyj/Files/Quartus Files/clock/SELTIME.vhd Line: 20
Info (10041): Inferred latch for "dat[3]" at SELTIME.vhd(20) File: E:/wyj/Files/Quartus Files/clock/SELTIME.vhd Line: 20
Info (12128): Elaborating entity "dev" for hierarchy "dev:u5" File: E:/wyj/Files/Quartus Files/clock/CLOCK.vhd Line: 80
Info (12128): Elaborating entity "key_delay" for hierarchy "key_delay:u6" File: E:/wyj/Files/Quartus Files/clock/CLOCK.vhd Line: 81
Info (12128): Elaborating entity "alert" for hierarchy "alert:u8" File: E:/wyj/Files/Quartus Files/clock/CLOCK.vhd Line: 83
Warning (13012): Latch seltime:u4|dat[0] has unsafe behavior File: E:/wyj/Files/Quartus Files/clock/SELTIME.vhd Line: 20
    Warning (13013): Ports D and ENA on the latch are fed by the same signal seltime:u4|scan_count[2] File: E:/wyj/Files/Quartus Files/clock/SELTIME.vhd Line: 21
Warning (13012): Latch seltime:u4|dat[1] has unsafe behavior File: E:/wyj/Files/Quartus Files/clock/SELTIME.vhd Line: 20
    Warning (13013): Ports D and ENA on the latch are fed by the same signal seltime:u4|scan_count[2] File: E:/wyj/Files/Quartus Files/clock/SELTIME.vhd Line: 21
Warning (13012): Latch seltime:u4|dat[2] has unsafe behavior File: E:/wyj/Files/Quartus Files/clock/SELTIME.vhd Line: 20
    Warning (13013): Ports D and ENA on the latch are fed by the same signal seltime:u4|scan_count[2] File: E:/wyj/Files/Quartus Files/clock/SELTIME.vhd Line: 21
Warning (13012): Latch seltime:u4|dat[3] has unsafe behavior File: E:/wyj/Files/Quartus Files/clock/SELTIME.vhd Line: 20
    Warning (13013): Ports D and ENA on the latch are fed by the same signal seltime:u4|scan_count[2] File: E:/wyj/Files/Quartus Files/clock/SELTIME.vhd Line: 21
Warning (13024): Output pins are stuck at VCC or GND
    Warning (13410): Pin "segment_seg[7]" is stuck at VCC File: E:/wyj/Files/Quartus Files/clock/CLOCK.vhd Line: 16
Info (286030): Timing-Driven Synthesis is running
Info (16010): Generating hard_block partition "hard_block:auto_generated_inst"
    Info (16011): Adding 0 node(s), including 0 DDIO, 0 PLL, 0 transceiver and 0 LCELL
Info (21057): Implemented 254 device resources after synthesis - the final resource count might be different
    Info (21058): Implemented 5 input pins
    Info (21059): Implemented 19 output pins
    Info (21061): Implemented 230 logic cells
Info: Quartus Prime Analysis & Synthesis was successful. 0 errors, 24 warnings
    Info: Peak virtual memory: 4815 megabytes
    Info: Processing ended: Sun Oct 28 16:15:42 2018
    Info: Elapsed time: 00:00:36
    Info: Total CPU time (on all processors): 00:00:40


